0 info it worked if it ends with ok
1 verbose cli [ 'C:\\Program Files (x86)\\nodejs\\node.exe',
1 verbose cli   'C:\\Program Files (x86)\\nodejs\\node_modules\\npm\\bin\\npm-cli.js',
1 verbose cli   'install',
1 verbose cli   '-msvs_version=2008' ]
2 info using npm@2.14.20
3 info using node@v4.4.0
4 verbose readDependencies loading dependencies from c:\pob-frontend\package.json
5 warn package.json boilerplate@0.0.0 No repository field.
6 warn package.json boilerplate@0.0.0 No license field.
7 verbose install where, deps [ 'c:\\pob-frontend',
7 verbose install   [ 'gulp',
7 verbose install     'gulp-autoprefixer',
7 verbose install     'gulp-angular-templatecache',
7 verbose install     'del',
7 verbose install     'lodash',
7 verbose install     'gulp-csso',
7 verbose install     'gulp-filter',
7 verbose install     'gulp-flatten',
7 verbose install     'gulp-jshint',
7 verbose install     'gulp-load-plugins',
7 verbose install     'gulp-size',
7 verbose install     'gulp-uglify',
7 verbose install     'gulp-useref',
7 verbose install     'gulp-util',
7 verbose install     'gulp-ng-annotate',
7 verbose install     'gulp-replace',
7 verbose install     'gulp-rename',
7 verbose install     'gulp-rev',
7 verbose install     'gulp-rev-replace',
7 verbose install     'gulp-minify-html',
7 verbose install     'gulp-inject',
7 verbose install     'gulp-protractor',
7 verbose install     'gulp-sourcemaps',
7 verbose install     'gulp-angular-filesort',
7 verbose install     'main-bower-files',
7 verbose install     'merge-stream',
7 verbose install     'jshint-stylish',
7 verbose install     'wiredep',
7 verbose install     'karma',
7 verbose install     'karma-jasmine',
7 verbose install     'karma-phantomjs-launcher',
7 verbose install     'karma-angular-filesort',
7 verbose install     'karma-ng-html2js-preprocessor',
7 verbose install     'concat-stream',
7 verbose install     'require-dir',
7 verbose install     'browser-sync',
7 verbose install     'browser-sync-spa',
7 verbose install     'http-proxy-middleware',
7 verbose install     'chalk',
7 verbose install     'uglify-save-license',
7 verbose install     'wrench' ] ]
8 verbose install where, peers [ 'c:\\pob-frontend', [] ]
9 verbose installManyTop reading for lifecycle c:\pob-frontend\package.json
10 info preinstall boilerplate@0.0.0
11 verbose installManyTop reading scoped package data from c:\pob-frontend\node_modules\abbrev\package.json
12 verbose installManyTop reading scoped package data from c:\pob-frontend\node_modules\ansi\package.json
13 verbose installManyTop reading scoped package data from c:\pob-frontend\node_modules\ansi-regex\package.json
14 verbose installManyTop reading scoped package data from c:\pob-frontend\node_modules\ansi-styles\package.json
15 verbose installManyTop reading scoped package data from c:\pob-frontend\node_modules\archy\package.json
16 verbose installManyTop reading scoped package data from c:\pob-frontend\node_modules\are-we-there-yet\package.json
17 verbose installManyTop reading scoped package data from c:\pob-frontend\node_modules\array-differ\package.json
18 verbose installManyTop reading scoped package data from c:\pob-frontend\node_modules\array-find-index\package.json
19 verbose installManyTop reading scoped package data from c:\pob-frontend\node_modules\array-index\package.json
20 verbose installManyTop reading scoped package data from c:\pob-frontend\node_modules\array-uniq\package.json
21 verbose installManyTop reading scoped package data from c:\pob-frontend\node_modules\asn1\package.json
22 verbose installManyTop reading scoped package data from c:\pob-frontend\node_modules\assert-plus\package.json
23 verbose installManyTop reading scoped package data from c:\pob-frontend\node_modules\async\package.json
24 verbose installManyTop reading scoped package data from c:\pob-frontend\node_modules\aws-sign2\package.json
25 verbose installManyTop reading scoped package data from c:\pob-frontend\node_modules\aws4\package.json
26 verbose installManyTop reading scoped package data from c:\pob-frontend\node_modules\balanced-match\package.json
27 verbose installManyTop reading scoped package data from c:\pob-frontend\node_modules\beeper\package.json
28 verbose installManyTop reading scoped package data from c:\pob-frontend\node_modules\bindings\package.json
29 verbose installManyTop reading scoped package data from c:\pob-frontend\node_modules\bl\package.json
30 verbose installManyTop reading scoped package data from c:\pob-frontend\node_modules\block-stream\package.json
31 verbose installManyTop reading scoped package data from c:\pob-frontend\node_modules\boom\package.json
32 verbose installManyTop reading scoped package data from c:\pob-frontend\node_modules\brace-expansion\package.json
33 verbose installManyTop reading scoped package data from c:\pob-frontend\node_modules\browser-sync\package.json
34 verbose installManyTop reading scoped package data from c:\pob-frontend\node_modules\browser-sync-spa\package.json
35 verbose installManyTop reading scoped package data from c:\pob-frontend\node_modules\bufferutil\package.json
36 verbose installManyTop reading scoped package data from c:\pob-frontend\node_modules\builtin-modules\package.json
37 verbose installManyTop reading scoped package data from c:\pob-frontend\node_modules\camelcase\package.json
38 verbose installManyTop reading scoped package data from c:\pob-frontend\node_modules\camelcase-keys\package.json
39 verbose installManyTop reading scoped package data from c:\pob-frontend\node_modules\caseless\package.json
40 verbose installManyTop reading scoped package data from c:\pob-frontend\node_modules\chalk\package.json
41 verbose installManyTop reading scoped package data from c:\pob-frontend\node_modules\clone\package.json
42 verbose installManyTop reading scoped package data from c:\pob-frontend\node_modules\clone-stats\package.json
43 verbose installManyTop reading scoped package data from c:\pob-frontend\node_modules\color-convert\package.json
44 verbose installManyTop reading scoped package data from c:\pob-frontend\node_modules\combined-stream\package.json
45 verbose installManyTop reading scoped package data from c:\pob-frontend\node_modules\commander\package.json
46 verbose installManyTop reading scoped package data from c:\pob-frontend\node_modules\concat-map\package.json
47 verbose installManyTop reading scoped package data from c:\pob-frontend\node_modules\concat-stream\package.json
48 verbose installManyTop reading scoped package data from c:\pob-frontend\node_modules\core-util-is\package.json
49 verbose installManyTop reading scoped package data from c:\pob-frontend\node_modules\cryptiles\package.json
50 verbose installManyTop reading scoped package data from c:\pob-frontend\node_modules\d\package.json
51 verbose installManyTop reading scoped package data from c:\pob-frontend\node_modules\dashdash\package.json
52 verbose installManyTop reading scoped package data from c:\pob-frontend\node_modules\dateformat\package.json
53 verbose installManyTop reading scoped package data from c:\pob-frontend\node_modules\debug\package.json
54 verbose installManyTop reading scoped package data from c:\pob-frontend\node_modules\decamelize\package.json
55 verbose installManyTop reading scoped package data from c:\pob-frontend\node_modules\defaults\package.json
56 verbose installManyTop reading scoped package data from c:\pob-frontend\node_modules\del\package.json
57 verbose installManyTop reading scoped package data from c:\pob-frontend\node_modules\delayed-stream\package.json
58 verbose installManyTop reading scoped package data from c:\pob-frontend\node_modules\delegates\package.json
59 verbose installManyTop reading scoped package data from c:\pob-frontend\node_modules\deprecated\package.json
60 verbose installManyTop reading scoped package data from c:\pob-frontend\node_modules\duplexer2\package.json
61 verbose installManyTop reading scoped package data from c:\pob-frontend\node_modules\ecc-jsbn\package.json
62 verbose installManyTop reading scoped package data from c:\pob-frontend\node_modules\end-of-stream\package.json
63 verbose installManyTop reading scoped package data from c:\pob-frontend\node_modules\error-ex\package.json
64 verbose installManyTop reading scoped package data from c:\pob-frontend\node_modules\es5-ext\package.json
65 verbose installManyTop reading scoped package data from c:\pob-frontend\node_modules\es6-iterator\package.json
66 verbose installManyTop reading scoped package data from c:\pob-frontend\node_modules\es6-symbol\package.json
67 verbose installManyTop reading scoped package data from c:\pob-frontend\node_modules\escape-string-regexp\package.json
68 verbose installManyTop reading scoped package data from c:\pob-frontend\node_modules\extend\package.json
69 verbose installManyTop reading scoped package data from c:\pob-frontend\node_modules\extsprintf\package.json
70 verbose installManyTop reading scoped package data from c:\pob-frontend\node_modules\fancy-log\package.json
71 verbose installManyTop reading scoped package data from c:\pob-frontend\node_modules\find-index\package.json
72 verbose installManyTop reading scoped package data from c:\pob-frontend\node_modules\find-up\package.json
73 verbose installManyTop reading scoped package data from c:\pob-frontend\node_modules\findup-sync\package.json
74 verbose installManyTop reading scoped package data from c:\pob-frontend\node_modules\first-chunk-stream\package.json
75 verbose installManyTop reading scoped package data from c:\pob-frontend\node_modules\flagged-respawn\package.json
76 verbose installManyTop reading scoped package data from c:\pob-frontend\node_modules\forever-agent\package.json
77 verbose installManyTop reading scoped package data from c:\pob-frontend\node_modules\form-data\package.json
78 verbose installManyTop reading scoped package data from c:\pob-frontend\node_modules\fstream\package.json
79 verbose installManyTop reading scoped package data from c:\pob-frontend\node_modules\gauge\package.json
80 verbose installManyTop reading scoped package data from c:\pob-frontend\node_modules\gaze\package.json
81 verbose installManyTop reading scoped package data from c:\pob-frontend\node_modules\generate-function\package.json
82 verbose installManyTop reading scoped package data from c:\pob-frontend\node_modules\generate-object-property\package.json
83 verbose installManyTop reading scoped package data from c:\pob-frontend\node_modules\get-stdin\package.json
84 verbose installManyTop reading scoped package data from c:\pob-frontend\node_modules\glob\package.json
85 verbose installManyTop reading scoped package data from c:\pob-frontend\node_modules\glob-stream\package.json
86 verbose installManyTop reading scoped package data from c:\pob-frontend\node_modules\glob-watcher\package.json
87 verbose installManyTop reading scoped package data from c:\pob-frontend\node_modules\glob2base\package.json
88 verbose installManyTop reading scoped package data from c:\pob-frontend\node_modules\globule\package.json
89 verbose installManyTop reading scoped package data from c:\pob-frontend\node_modules\glogg\package.json
90 verbose installManyTop reading scoped package data from c:\pob-frontend\node_modules\graceful-fs\package.json
91 verbose installManyTop reading scoped package data from c:\pob-frontend\node_modules\graceful-readlink\package.json
92 verbose installManyTop reading scoped package data from c:\pob-frontend\node_modules\gulp\package.json
93 verbose installManyTop reading scoped package data from c:\pob-frontend\node_modules\gulp-angular-filesort\package.json
94 verbose installManyTop reading scoped package data from c:\pob-frontend\node_modules\gulp-angular-templatecache\package.json
95 verbose installManyTop reading scoped package data from c:\pob-frontend\node_modules\gulp-autoprefixer\package.json
96 verbose installManyTop reading scoped package data from c:\pob-frontend\node_modules\gulp-csso\package.json
97 verbose installManyTop reading scoped package data from c:\pob-frontend\node_modules\gulp-filter\package.json
98 verbose installManyTop reading scoped package data from c:\pob-frontend\node_modules\gulp-flatten\package.json
99 verbose installManyTop reading scoped package data from c:\pob-frontend\node_modules\gulp-inject\package.json
100 verbose installManyTop reading scoped package data from c:\pob-frontend\node_modules\gulp-jshint\package.json
101 verbose installManyTop reading scoped package data from c:\pob-frontend\node_modules\gulp-load-plugins\package.json
102 verbose installManyTop reading scoped package data from c:\pob-frontend\node_modules\gulp-minify-html\package.json
103 verbose installManyTop reading scoped package data from c:\pob-frontend\node_modules\gulp-ng-annotate\package.json
104 verbose installManyTop reading scoped package data from c:\pob-frontend\node_modules\gulp-protractor\package.json
105 verbose installManyTop reading scoped package data from c:\pob-frontend\node_modules\gulp-rename\package.json
106 verbose installManyTop reading scoped package data from c:\pob-frontend\node_modules\gulp-replace\package.json
107 verbose installManyTop reading scoped package data from c:\pob-frontend\node_modules\gulp-rev\package.json
108 verbose installManyTop reading scoped package data from c:\pob-frontend\node_modules\gulp-rev-replace\package.json
109 verbose installManyTop reading scoped package data from c:\pob-frontend\node_modules\gulp-size\package.json
110 verbose installManyTop reading scoped package data from c:\pob-frontend\node_modules\gulp-sourcemaps\package.json
111 verbose installManyTop reading scoped package data from c:\pob-frontend\node_modules\gulp-uglify\package.json
112 verbose installManyTop reading scoped package data from c:\pob-frontend\node_modules\gulp-useref\package.json
113 verbose installManyTop reading scoped package data from c:\pob-frontend\node_modules\gulp-util\package.json
114 verbose installManyTop reading scoped package data from c:\pob-frontend\node_modules\gulplog\package.json
115 verbose installManyTop reading scoped package data from c:\pob-frontend\node_modules\har-validator\package.json
116 verbose installManyTop reading scoped package data from c:\pob-frontend\node_modules\has-ansi\package.json
117 verbose installManyTop reading scoped package data from c:\pob-frontend\node_modules\has-gulplog\package.json
118 verbose installManyTop reading scoped package data from c:\pob-frontend\node_modules\has-unicode\package.json
119 verbose installManyTop reading scoped package data from c:\pob-frontend\node_modules\hawk\package.json
120 verbose installManyTop reading scoped package data from c:\pob-frontend\node_modules\hoek\package.json
121 verbose installManyTop reading scoped package data from c:\pob-frontend\node_modules\hosted-git-info\package.json
122 verbose installManyTop reading scoped package data from c:\pob-frontend\node_modules\http-proxy-middleware\package.json
123 verbose installManyTop reading scoped package data from c:\pob-frontend\node_modules\http-signature\package.json
124 verbose installManyTop reading scoped package data from c:\pob-frontend\node_modules\indent-string\package.json
125 verbose installManyTop reading scoped package data from c:\pob-frontend\node_modules\inflight\package.json
126 verbose installManyTop reading scoped package data from c:\pob-frontend\node_modules\inherits\package.json
127 verbose installManyTop reading scoped package data from c:\pob-frontend\node_modules\interpret\package.json
128 verbose installManyTop reading scoped package data from c:\pob-frontend\node_modules\is-absolute\package.json
129 verbose installManyTop reading scoped package data from c:\pob-frontend\node_modules\is-arrayish\package.json
130 verbose installManyTop reading scoped package data from c:\pob-frontend\node_modules\is-builtin-module\package.json
131 verbose installManyTop reading scoped package data from c:\pob-frontend\node_modules\is-finite\package.json
132 verbose installManyTop reading scoped package data from c:\pob-frontend\node_modules\is-my-json-valid\package.json
133 verbose installManyTop reading scoped package data from c:\pob-frontend\node_modules\is-property\package.json
134 verbose installManyTop reading scoped package data from c:\pob-frontend\node_modules\is-relative\package.json
135 verbose installManyTop reading scoped package data from c:\pob-frontend\node_modules\is-typedarray\package.json
136 verbose installManyTop reading scoped package data from c:\pob-frontend\node_modules\is-utf8\package.json
137 verbose installManyTop reading scoped package data from c:\pob-frontend\node_modules\isarray\package.json
138 verbose installManyTop reading scoped package data from c:\pob-frontend\node_modules\isexe\package.json
139 verbose installManyTop reading scoped package data from c:\pob-frontend\node_modules\isstream\package.json
140 verbose installManyTop reading scoped package data from c:\pob-frontend\node_modules\jasmine-core\package.json
141 verbose installManyTop reading scoped package data from c:\pob-frontend\node_modules\jodid25519\package.json
142 verbose installManyTop reading scoped package data from c:\pob-frontend\node_modules\jsbn\package.json
143 verbose installManyTop reading scoped package data from c:\pob-frontend\node_modules\jshint-stylish\package.json
144 verbose installManyTop reading scoped package data from c:\pob-frontend\node_modules\json-schema\package.json
145 verbose installManyTop reading scoped package data from c:\pob-frontend\node_modules\json-stringify-safe\package.json
146 verbose installManyTop reading scoped package data from c:\pob-frontend\node_modules\jsonpointer\package.json
147 verbose installManyTop reading scoped package data from c:\pob-frontend\node_modules\jsprim\package.json
148 verbose installManyTop reading scoped package data from c:\pob-frontend\node_modules\karma\package.json
149 verbose installManyTop reading scoped package data from c:\pob-frontend\node_modules\karma-angular-filesort\package.json
150 verbose installManyTop reading scoped package data from c:\pob-frontend\node_modules\karma-jasmine\package.json
151 verbose installManyTop reading scoped package data from c:\pob-frontend\node_modules\karma-ng-html2js-preprocessor\package.json
152 verbose installManyTop reading scoped package data from c:\pob-frontend\node_modules\karma-phantomjs-launcher\package.json
153 verbose installManyTop reading scoped package data from c:\pob-frontend\node_modules\liftoff\package.json
154 verbose installManyTop reading scoped package data from c:\pob-frontend\node_modules\load-json-file\package.json
155 verbose installManyTop reading scoped package data from c:\pob-frontend\node_modules\lodash\package.json
156 verbose installManyTop reading scoped package data from c:\pob-frontend\node_modules\lodash._basecopy\package.json
157 verbose installManyTop reading scoped package data from c:\pob-frontend\node_modules\lodash._basetostring\package.json
158 verbose installManyTop reading scoped package data from c:\pob-frontend\node_modules\lodash._basevalues\package.json
159 verbose installManyTop reading scoped package data from c:\pob-frontend\node_modules\lodash._getnative\package.json
160 verbose installManyTop reading scoped package data from c:\pob-frontend\node_modules\lodash._isiterateecall\package.json
161 verbose installManyTop reading scoped package data from c:\pob-frontend\node_modules\lodash._reescape\package.json
162 verbose installManyTop reading scoped package data from c:\pob-frontend\node_modules\lodash._reevaluate\package.json
163 verbose installManyTop reading scoped package data from c:\pob-frontend\node_modules\lodash._reinterpolate\package.json
164 verbose installManyTop reading scoped package data from c:\pob-frontend\node_modules\lodash._root\package.json
165 verbose installManyTop reading scoped package data from c:\pob-frontend\node_modules\lodash.escape\package.json
166 verbose installManyTop reading scoped package data from c:\pob-frontend\node_modules\lodash.isarguments\package.json
167 verbose installManyTop reading scoped package data from c:\pob-frontend\node_modules\lodash.isarray\package.json
168 verbose installManyTop reading scoped package data from c:\pob-frontend\node_modules\lodash.keys\package.json
169 verbose installManyTop reading scoped package data from c:\pob-frontend\node_modules\lodash.pad\package.json
170 verbose installManyTop reading scoped package data from c:\pob-frontend\node_modules\lodash.padend\package.json
171 verbose installManyTop reading scoped package data from c:\pob-frontend\node_modules\lodash.padstart\package.json
172 verbose installManyTop reading scoped package data from c:\pob-frontend\node_modules\lodash.repeat\package.json
173 verbose installManyTop reading scoped package data from c:\pob-frontend\node_modules\lodash.restparam\package.json
174 verbose installManyTop reading scoped package data from c:\pob-frontend\node_modules\lodash.template\package.json
175 verbose installManyTop reading scoped package data from c:\pob-frontend\node_modules\lodash.templatesettings\package.json
176 verbose installManyTop reading scoped package data from c:\pob-frontend\node_modules\lodash.tostring\package.json
177 verbose installManyTop reading scoped package data from c:\pob-frontend\node_modules\loud-rejection\package.json
178 verbose installManyTop reading scoped package data from c:\pob-frontend\node_modules\lru-cache\package.json
179 verbose installManyTop reading scoped package data from c:\pob-frontend\node_modules\main-bower-files\package.json
180 verbose installManyTop reading scoped package data from c:\pob-frontend\node_modules\map-obj\package.json
181 verbose installManyTop reading scoped package data from c:\pob-frontend\node_modules\meow\package.json
182 verbose installManyTop reading scoped package data from c:\pob-frontend\node_modules\merge-stream\package.json
183 verbose installManyTop reading scoped package data from c:\pob-frontend\node_modules\mime-db\package.json
184 verbose installManyTop reading scoped package data from c:\pob-frontend\node_modules\mime-types\package.json
185 verbose installManyTop reading scoped package data from c:\pob-frontend\node_modules\minimatch\package.json
186 verbose installManyTop reading scoped package data from c:\pob-frontend\node_modules\minimist\package.json
187 verbose installManyTop reading scoped package data from c:\pob-frontend\node_modules\mkdirp\package.json
188 verbose installManyTop reading scoped package data from c:\pob-frontend\node_modules\ms\package.json
189 verbose installManyTop reading scoped package data from c:\pob-frontend\node_modules\multipipe\package.json
190 verbose installManyTop reading scoped package data from c:\pob-frontend\node_modules\nan\package.json
191 verbose installManyTop reading scoped package data from c:\pob-frontend\node_modules\node-gyp\package.json
192 verbose installManyTop reading scoped package data from c:\pob-frontend\node_modules\node-uuid\package.json
193 verbose installManyTop reading scoped package data from c:\pob-frontend\node_modules\nopt\package.json
194 verbose installManyTop reading scoped package data from c:\pob-frontend\node_modules\normalize-package-data\package.json
195 verbose installManyTop reading scoped package data from c:\pob-frontend\node_modules\npmlog\package.json
196 verbose installManyTop reading scoped package data from c:\pob-frontend\node_modules\number-is-nan\package.json
197 verbose installManyTop reading scoped package data from c:\pob-frontend\node_modules\oauth-sign\package.json
198 verbose installManyTop reading scoped package data from c:\pob-frontend\node_modules\object-assign\package.json
199 verbose installManyTop reading scoped package data from c:\pob-frontend\node_modules\once\package.json
200 verbose installManyTop reading scoped package data from c:\pob-frontend\node_modules\orchestrator\package.json
201 verbose installManyTop reading scoped package data from c:\pob-frontend\node_modules\ordered-read-streams\package.json
202 verbose installManyTop reading scoped package data from c:\pob-frontend\node_modules\os-homedir\package.json
203 verbose installManyTop reading scoped package data from c:\pob-frontend\node_modules\os-tmpdir\package.json
204 verbose installManyTop reading scoped package data from c:\pob-frontend\node_modules\osenv\package.json
205 verbose installManyTop reading scoped package data from c:\pob-frontend\node_modules\parse-json\package.json
206 verbose installManyTop reading scoped package data from c:\pob-frontend\node_modules\path-array\package.json
207 verbose installManyTop reading scoped package data from c:\pob-frontend\node_modules\path-exists\package.json
208 verbose installManyTop reading scoped package data from c:\pob-frontend\node_modules\path-is-absolute\package.json
209 verbose installManyTop reading scoped package data from c:\pob-frontend\node_modules\path-type\package.json
210 verbose installManyTop reading scoped package data from c:\pob-frontend\node_modules\phantomjs\package.json
211 verbose installManyTop reading scoped package data from c:\pob-frontend\node_modules\pify\package.json
212 verbose installManyTop reading scoped package data from c:\pob-frontend\node_modules\pinkie\package.json
213 verbose installManyTop reading scoped package data from c:\pob-frontend\node_modules\pinkie-promise\package.json
214 verbose installManyTop reading scoped package data from c:\pob-frontend\node_modules\pretty-hrtime\package.json
215 verbose installManyTop reading scoped package data from c:\pob-frontend\node_modules\process-nextick-args\package.json
216 verbose installManyTop reading scoped package data from c:\pob-frontend\node_modules\pseudomap\package.json
217 verbose installManyTop reading scoped package data from c:\pob-frontend\node_modules\qs\package.json
218 verbose installManyTop reading scoped package data from c:\pob-frontend\node_modules\read-pkg\package.json
219 verbose installManyTop reading scoped package data from c:\pob-frontend\node_modules\read-pkg-up\package.json
220 verbose installManyTop reading scoped package data from c:\pob-frontend\node_modules\readable-stream\package.json
221 verbose installManyTop reading scoped package data from c:\pob-frontend\node_modules\rechoir\package.json
222 verbose installManyTop reading scoped package data from c:\pob-frontend\node_modules\redent\package.json
223 verbose installManyTop reading scoped package data from c:\pob-frontend\node_modules\repeating\package.json
224 verbose installManyTop reading scoped package data from c:\pob-frontend\node_modules\replace-ext\package.json
225 verbose installManyTop reading scoped package data from c:\pob-frontend\node_modules\request\package.json
226 verbose installManyTop reading scoped package data from c:\pob-frontend\node_modules\require-dir\package.json
227 verbose installManyTop reading scoped package data from c:\pob-frontend\node_modules\resolve\package.json
228 verbose installManyTop reading scoped package data from c:\pob-frontend\node_modules\rimraf\package.json
229 verbose installManyTop reading scoped package data from c:\pob-frontend\node_modules\semver\package.json
230 verbose installManyTop reading scoped package data from c:\pob-frontend\node_modules\sequencify\package.json
231 verbose installManyTop reading scoped package data from c:\pob-frontend\node_modules\sigmund\package.json
232 verbose installManyTop reading scoped package data from c:\pob-frontend\node_modules\signal-exit\package.json
233 verbose installManyTop reading scoped package data from c:\pob-frontend\node_modules\sntp\package.json
234 verbose installManyTop reading scoped package data from c:\pob-frontend\node_modules\sparkles\package.json
235 verbose installManyTop reading scoped package data from c:\pob-frontend\node_modules\spdx-correct\package.json
236 verbose installManyTop reading scoped package data from c:\pob-frontend\node_modules\spdx-exceptions\package.json
237 verbose installManyTop reading scoped package data from c:\pob-frontend\node_modules\spdx-expression-parse\package.json
238 verbose installManyTop reading scoped package data from c:\pob-frontend\node_modules\spdx-license-ids\package.json
239 verbose installManyTop reading scoped package data from c:\pob-frontend\node_modules\sshpk\package.json
240 verbose installManyTop reading scoped package data from c:\pob-frontend\node_modules\stream-consume\package.json
241 verbose installManyTop reading scoped package data from c:\pob-frontend\node_modules\string_decoder\package.json
242 verbose installManyTop reading scoped package data from c:\pob-frontend\node_modules\stringstream\package.json
243 verbose installManyTop reading scoped package data from c:\pob-frontend\node_modules\strip-ansi\package.json
244 verbose installManyTop reading scoped package data from c:\pob-frontend\node_modules\strip-bom\package.json
245 verbose installManyTop reading scoped package data from c:\pob-frontend\node_modules\strip-indent\package.json
246 verbose installManyTop reading scoped package data from c:\pob-frontend\node_modules\supports-color\package.json
247 verbose installManyTop reading scoped package data from c:\pob-frontend\node_modules\tar\package.json
248 verbose installManyTop reading scoped package data from c:\pob-frontend\node_modules\through2\package.json
249 verbose installManyTop reading scoped package data from c:\pob-frontend\node_modules\tildify\package.json
250 verbose installManyTop reading scoped package data from c:\pob-frontend\node_modules\time-stamp\package.json
251 verbose installManyTop reading scoped package data from c:\pob-frontend\node_modules\tough-cookie\package.json
252 verbose installManyTop reading scoped package data from c:\pob-frontend\node_modules\trim-newlines\package.json
253 verbose installManyTop reading scoped package data from c:\pob-frontend\node_modules\tunnel-agent\package.json
254 verbose installManyTop reading scoped package data from c:\pob-frontend\node_modules\tweetnacl\package.json
255 verbose installManyTop reading scoped package data from c:\pob-frontend\node_modules\uglify-save-license\package.json
256 verbose installManyTop reading scoped package data from c:\pob-frontend\node_modules\unique-stream\package.json
257 verbose installManyTop reading scoped package data from c:\pob-frontend\node_modules\user-home\package.json
258 verbose installManyTop reading scoped package data from c:\pob-frontend\node_modules\utf-8-validate\package.json
259 verbose installManyTop reading scoped package data from c:\pob-frontend\node_modules\util-deprecate\package.json
260 verbose installManyTop reading scoped package data from c:\pob-frontend\node_modules\v8flags\package.json
261 verbose installManyTop reading scoped package data from c:\pob-frontend\node_modules\validate-npm-package-license\package.json
262 verbose installManyTop reading scoped package data from c:\pob-frontend\node_modules\verror\package.json
263 verbose installManyTop reading scoped package data from c:\pob-frontend\node_modules\vinyl\package.json
264 verbose installManyTop reading scoped package data from c:\pob-frontend\node_modules\vinyl-fs\package.json
265 verbose installManyTop reading scoped package data from c:\pob-frontend\node_modules\which\package.json
266 verbose installManyTop reading scoped package data from c:\pob-frontend\node_modules\wiredep\package.json
267 verbose installManyTop reading scoped package data from c:\pob-frontend\node_modules\wrappy\package.json
268 verbose installManyTop reading scoped package data from c:\pob-frontend\node_modules\wrench\package.json
269 verbose installManyTop reading scoped package data from c:\pob-frontend\node_modules\xtend\package.json
270 verbose installManyTop reading scoped package data from c:\pob-frontend\node_modules\yallist\package.json
271 info package.json deprecated@0.0.1 No license field.
272 info package.json duplexer2@0.0.2 license should be a valid SPDX license expression
273 info package.json extsprintf@1.0.2 No license field.
274 info package.json findup-sync@0.3.0 No license field.
275 info package.json flagged-respawn@0.3.1 No license field.
276 info package.json gaze@0.5.2 No license field.
277 info package.json glob-watcher@0.0.6 No license field.
278 info package.json glob-stream@3.1.18 No license field.
279 info package.json glob2base@0.0.12 No license field.
280 info package.json globule@0.1.0 No license field.
281 info package.json gulp-minify-html@1.0.6 No repository field.
282 info package.json gulp-rename@1.2.2 No license field.
283 info package.json is-absolute@0.1.7 license should be a valid SPDX license expression
284 info package.json is-relative@0.1.3 No license field.
285 info package.json jsbn@0.1.0 license should be a valid SPDX license expression
286 info package.json json-schema@0.2.2 No license field.
287 info package.json minimatch@1.0.0 license should be a valid SPDX license expression
288 info package.json ms@0.7.1 No license field.
289 info package.json node-uuid@1.4.7 No license field.
290 info package.json orchestrator@0.3.7 No license field.
291 info package.json rechoir@0.6.2 No license field.
292 info package.json replace-ext@0.0.1 No license field.
293 info package.json sequencify@0.0.7 No license field.
294 info package.json sntp@1.0.9 No license field.
295 info package.json string_decoder@0.10.31 string_decoder is also the name of a node core module.
296 info package.json uglify-save-license@0.4.1 No license field.
297 info package.json unique-stream@1.0.0 license should be a valid SPDX license expression
298 info package.json v8flags@2.0.11 No license field.
299 info package.json verror@1.3.6 No license field.
300 info package.json vinyl-fs@0.3.14 No license field.
301 info package.json gulp-inject@1.3.1 No license field.
302 info package.json gulp-protractor@1.0.0 No license field.
303 info package.json gulp-ng-annotate@1.0.0 license should be a valid SPDX license expression
304 info package.json wrench@1.5.8 No license field.
305 info package.json wiredep@2.2.2 No license field.
306 verbose readDependencies loading dependencies from c:\pob-frontend\package.json
307 verbose targetResolver reading package data from c:\pob-frontend\node_modules\abbrev\package.json
308 verbose targetResolver reading package data from c:\pob-frontend\node_modules\ansi\package.json
309 verbose targetResolver reading package data from c:\pob-frontend\node_modules\ansi-regex\package.json
310 verbose targetResolver reading package data from c:\pob-frontend\node_modules\ansi-styles\package.json
311 verbose targetResolver reading package data from c:\pob-frontend\node_modules\archy\package.json
312 verbose targetResolver reading package data from c:\pob-frontend\node_modules\are-we-there-yet\package.json
313 verbose targetResolver reading package data from c:\pob-frontend\node_modules\array-differ\package.json
314 verbose targetResolver reading package data from c:\pob-frontend\node_modules\array-find-index\package.json
315 verbose targetResolver reading package data from c:\pob-frontend\node_modules\array-index\package.json
316 verbose targetResolver reading package data from c:\pob-frontend\node_modules\array-uniq\package.json
317 verbose targetResolver reading package data from c:\pob-frontend\node_modules\asn1\package.json
318 verbose targetResolver reading package data from c:\pob-frontend\node_modules\assert-plus\package.json
319 verbose targetResolver reading package data from c:\pob-frontend\node_modules\async\package.json
320 verbose targetResolver reading package data from c:\pob-frontend\node_modules\aws-sign2\package.json
321 verbose targetResolver reading package data from c:\pob-frontend\node_modules\aws4\package.json
322 verbose targetResolver reading package data from c:\pob-frontend\node_modules\balanced-match\package.json
323 verbose targetResolver reading package data from c:\pob-frontend\node_modules\beeper\package.json
324 verbose targetResolver reading package data from c:\pob-frontend\node_modules\bindings\package.json
325 verbose targetResolver reading package data from c:\pob-frontend\node_modules\bl\package.json
326 verbose targetResolver reading package data from c:\pob-frontend\node_modules\block-stream\package.json
327 verbose targetResolver reading package data from c:\pob-frontend\node_modules\boom\package.json
328 verbose targetResolver reading package data from c:\pob-frontend\node_modules\brace-expansion\package.json
329 verbose targetResolver reading package data from c:\pob-frontend\node_modules\browser-sync\package.json
330 verbose targetResolver reading package data from c:\pob-frontend\node_modules\browser-sync-spa\package.json
331 verbose targetResolver reading package data from c:\pob-frontend\node_modules\bufferutil\package.json
332 verbose targetResolver reading package data from c:\pob-frontend\node_modules\builtin-modules\package.json
333 verbose targetResolver reading package data from c:\pob-frontend\node_modules\camelcase\package.json
334 verbose targetResolver reading package data from c:\pob-frontend\node_modules\camelcase-keys\package.json
335 verbose targetResolver reading package data from c:\pob-frontend\node_modules\caseless\package.json
336 verbose targetResolver reading package data from c:\pob-frontend\node_modules\chalk\package.json
337 verbose targetResolver reading package data from c:\pob-frontend\node_modules\clone\package.json
338 verbose targetResolver reading package data from c:\pob-frontend\node_modules\clone-stats\package.json
339 verbose targetResolver reading package data from c:\pob-frontend\node_modules\color-convert\package.json
340 verbose targetResolver reading package data from c:\pob-frontend\node_modules\combined-stream\package.json
341 verbose targetResolver reading package data from c:\pob-frontend\node_modules\commander\package.json
342 verbose targetResolver reading package data from c:\pob-frontend\node_modules\concat-map\package.json
343 verbose targetResolver reading package data from c:\pob-frontend\node_modules\concat-stream\package.json
344 verbose targetResolver reading package data from c:\pob-frontend\node_modules\core-util-is\package.json
345 verbose targetResolver reading package data from c:\pob-frontend\node_modules\cryptiles\package.json
346 verbose targetResolver reading package data from c:\pob-frontend\node_modules\d\package.json
347 verbose targetResolver reading package data from c:\pob-frontend\node_modules\dashdash\package.json
348 verbose targetResolver reading package data from c:\pob-frontend\node_modules\dateformat\package.json
349 verbose targetResolver reading package data from c:\pob-frontend\node_modules\debug\package.json
350 verbose targetResolver reading package data from c:\pob-frontend\node_modules\decamelize\package.json
351 verbose targetResolver reading package data from c:\pob-frontend\node_modules\defaults\package.json
352 verbose targetResolver reading package data from c:\pob-frontend\node_modules\del\package.json
353 verbose targetResolver reading package data from c:\pob-frontend\node_modules\delayed-stream\package.json
354 verbose targetResolver reading package data from c:\pob-frontend\node_modules\delegates\package.json
355 verbose targetResolver reading package data from c:\pob-frontend\node_modules\deprecated\package.json
356 verbose targetResolver reading package data from c:\pob-frontend\node_modules\duplexer2\package.json
357 verbose targetResolver reading package data from c:\pob-frontend\node_modules\ecc-jsbn\package.json
358 verbose targetResolver reading package data from c:\pob-frontend\node_modules\end-of-stream\package.json
359 verbose targetResolver reading package data from c:\pob-frontend\node_modules\error-ex\package.json
360 verbose targetResolver reading package data from c:\pob-frontend\node_modules\es5-ext\package.json
361 verbose targetResolver reading package data from c:\pob-frontend\node_modules\es6-iterator\package.json
362 verbose targetResolver reading package data from c:\pob-frontend\node_modules\es6-symbol\package.json
363 verbose targetResolver reading package data from c:\pob-frontend\node_modules\escape-string-regexp\package.json
364 verbose targetResolver reading package data from c:\pob-frontend\node_modules\extend\package.json
365 verbose targetResolver reading package data from c:\pob-frontend\node_modules\extsprintf\package.json
366 verbose targetResolver reading package data from c:\pob-frontend\node_modules\fancy-log\package.json
367 verbose targetResolver reading package data from c:\pob-frontend\node_modules\find-index\package.json
368 verbose targetResolver reading package data from c:\pob-frontend\node_modules\find-up\package.json
369 verbose targetResolver reading package data from c:\pob-frontend\node_modules\findup-sync\package.json
370 verbose targetResolver reading package data from c:\pob-frontend\node_modules\first-chunk-stream\package.json
371 verbose targetResolver reading package data from c:\pob-frontend\node_modules\flagged-respawn\package.json
372 verbose targetResolver reading package data from c:\pob-frontend\node_modules\forever-agent\package.json
373 verbose targetResolver reading package data from c:\pob-frontend\node_modules\form-data\package.json
374 verbose targetResolver reading package data from c:\pob-frontend\node_modules\fstream\package.json
375 verbose targetResolver reading package data from c:\pob-frontend\node_modules\gauge\package.json
376 verbose targetResolver reading package data from c:\pob-frontend\node_modules\gaze\package.json
377 verbose targetResolver reading package data from c:\pob-frontend\node_modules\generate-function\package.json
378 verbose targetResolver reading package data from c:\pob-frontend\node_modules\generate-object-property\package.json
379 verbose targetResolver reading package data from c:\pob-frontend\node_modules\get-stdin\package.json
380 verbose targetResolver reading package data from c:\pob-frontend\node_modules\glob\package.json
381 verbose targetResolver reading package data from c:\pob-frontend\node_modules\glob-stream\package.json
382 verbose targetResolver reading package data from c:\pob-frontend\node_modules\glob-watcher\package.json
383 verbose targetResolver reading package data from c:\pob-frontend\node_modules\glob2base\package.json
384 verbose targetResolver reading package data from c:\pob-frontend\node_modules\globule\package.json
385 verbose targetResolver reading package data from c:\pob-frontend\node_modules\glogg\package.json
386 verbose targetResolver reading package data from c:\pob-frontend\node_modules\graceful-fs\package.json
387 verbose targetResolver reading package data from c:\pob-frontend\node_modules\graceful-readlink\package.json
388 verbose targetResolver reading package data from c:\pob-frontend\node_modules\gulp\package.json
389 verbose targetResolver reading package data from c:\pob-frontend\node_modules\gulp-angular-filesort\package.json
390 verbose targetResolver reading package data from c:\pob-frontend\node_modules\gulp-angular-templatecache\package.json
391 verbose targetResolver reading package data from c:\pob-frontend\node_modules\gulp-autoprefixer\package.json
392 verbose targetResolver reading package data from c:\pob-frontend\node_modules\gulp-csso\package.json
393 verbose targetResolver reading package data from c:\pob-frontend\node_modules\gulp-filter\package.json
394 verbose targetResolver reading package data from c:\pob-frontend\node_modules\gulp-flatten\package.json
395 verbose targetResolver reading package data from c:\pob-frontend\node_modules\gulp-inject\package.json
396 verbose targetResolver reading package data from c:\pob-frontend\node_modules\gulp-jshint\package.json
397 verbose targetResolver reading package data from c:\pob-frontend\node_modules\gulp-load-plugins\package.json
398 verbose targetResolver reading package data from c:\pob-frontend\node_modules\gulp-minify-html\package.json
399 verbose targetResolver reading package data from c:\pob-frontend\node_modules\gulp-ng-annotate\package.json
400 verbose targetResolver reading package data from c:\pob-frontend\node_modules\gulp-protractor\package.json
401 verbose targetResolver reading package data from c:\pob-frontend\node_modules\gulp-rename\package.json
402 verbose targetResolver reading package data from c:\pob-frontend\node_modules\gulp-replace\package.json
403 verbose targetResolver reading package data from c:\pob-frontend\node_modules\gulp-rev\package.json
404 verbose targetResolver reading package data from c:\pob-frontend\node_modules\gulp-rev-replace\package.json
405 verbose targetResolver reading package data from c:\pob-frontend\node_modules\gulp-size\package.json
406 verbose targetResolver reading package data from c:\pob-frontend\node_modules\gulp-sourcemaps\package.json
407 verbose targetResolver reading package data from c:\pob-frontend\node_modules\gulp-uglify\package.json
408 verbose targetResolver reading package data from c:\pob-frontend\node_modules\gulp-useref\package.json
409 verbose targetResolver reading package data from c:\pob-frontend\node_modules\gulp-util\package.json
410 verbose targetResolver reading package data from c:\pob-frontend\node_modules\gulplog\package.json
411 verbose targetResolver reading package data from c:\pob-frontend\node_modules\har-validator\package.json
412 verbose targetResolver reading package data from c:\pob-frontend\node_modules\has-ansi\package.json
413 verbose targetResolver reading package data from c:\pob-frontend\node_modules\has-gulplog\package.json
414 verbose targetResolver reading package data from c:\pob-frontend\node_modules\has-unicode\package.json
415 verbose targetResolver reading package data from c:\pob-frontend\node_modules\hawk\package.json
416 verbose targetResolver reading package data from c:\pob-frontend\node_modules\hoek\package.json
417 verbose targetResolver reading package data from c:\pob-frontend\node_modules\hosted-git-info\package.json
418 verbose targetResolver reading package data from c:\pob-frontend\node_modules\http-proxy-middleware\package.json
419 verbose targetResolver reading package data from c:\pob-frontend\node_modules\http-signature\package.json
420 verbose targetResolver reading package data from c:\pob-frontend\node_modules\indent-string\package.json
421 verbose targetResolver reading package data from c:\pob-frontend\node_modules\inflight\package.json
422 verbose targetResolver reading package data from c:\pob-frontend\node_modules\inherits\package.json
423 verbose targetResolver reading package data from c:\pob-frontend\node_modules\interpret\package.json
424 verbose targetResolver reading package data from c:\pob-frontend\node_modules\is-absolute\package.json
425 verbose targetResolver reading package data from c:\pob-frontend\node_modules\is-arrayish\package.json
426 verbose targetResolver reading package data from c:\pob-frontend\node_modules\is-builtin-module\package.json
427 verbose targetResolver reading package data from c:\pob-frontend\node_modules\is-finite\package.json
428 verbose targetResolver reading package data from c:\pob-frontend\node_modules\is-my-json-valid\package.json
429 verbose targetResolver reading package data from c:\pob-frontend\node_modules\is-property\package.json
430 verbose targetResolver reading package data from c:\pob-frontend\node_modules\is-relative\package.json
431 verbose targetResolver reading package data from c:\pob-frontend\node_modules\is-typedarray\package.json
432 verbose targetResolver reading package data from c:\pob-frontend\node_modules\is-utf8\package.json
433 verbose targetResolver reading package data from c:\pob-frontend\node_modules\isarray\package.json
434 verbose targetResolver reading package data from c:\pob-frontend\node_modules\isexe\package.json
435 verbose targetResolver reading package data from c:\pob-frontend\node_modules\isstream\package.json
436 verbose targetResolver reading package data from c:\pob-frontend\node_modules\jasmine-core\package.json
437 verbose targetResolver reading package data from c:\pob-frontend\node_modules\jodid25519\package.json
438 verbose targetResolver reading package data from c:\pob-frontend\node_modules\jsbn\package.json
439 verbose targetResolver reading package data from c:\pob-frontend\node_modules\jshint-stylish\package.json
440 verbose targetResolver reading package data from c:\pob-frontend\node_modules\json-schema\package.json
441 verbose targetResolver reading package data from c:\pob-frontend\node_modules\json-stringify-safe\package.json
442 verbose targetResolver reading package data from c:\pob-frontend\node_modules\jsonpointer\package.json
443 verbose targetResolver reading package data from c:\pob-frontend\node_modules\jsprim\package.json
444 verbose targetResolver reading package data from c:\pob-frontend\node_modules\karma\package.json
445 verbose targetResolver reading package data from c:\pob-frontend\node_modules\karma-angular-filesort\package.json
446 verbose targetResolver reading package data from c:\pob-frontend\node_modules\karma-jasmine\package.json
447 verbose targetResolver reading package data from c:\pob-frontend\node_modules\karma-ng-html2js-preprocessor\package.json
448 verbose targetResolver reading package data from c:\pob-frontend\node_modules\karma-phantomjs-launcher\package.json
449 verbose targetResolver reading package data from c:\pob-frontend\node_modules\liftoff\package.json
450 verbose targetResolver reading package data from c:\pob-frontend\node_modules\load-json-file\package.json
451 verbose targetResolver reading package data from c:\pob-frontend\node_modules\lodash\package.json
452 verbose targetResolver reading package data from c:\pob-frontend\node_modules\lodash._basecopy\package.json
453 verbose targetResolver reading package data from c:\pob-frontend\node_modules\lodash._basetostring\package.json
454 verbose targetResolver reading package data from c:\pob-frontend\node_modules\lodash._basevalues\package.json
455 verbose targetResolver reading package data from c:\pob-frontend\node_modules\lodash._getnative\package.json
456 verbose targetResolver reading package data from c:\pob-frontend\node_modules\lodash._isiterateecall\package.json
457 verbose targetResolver reading package data from c:\pob-frontend\node_modules\lodash._reescape\package.json
458 verbose targetResolver reading package data from c:\pob-frontend\node_modules\lodash._reevaluate\package.json
459 verbose targetResolver reading package data from c:\pob-frontend\node_modules\lodash._reinterpolate\package.json
460 verbose targetResolver reading package data from c:\pob-frontend\node_modules\lodash._root\package.json
461 verbose targetResolver reading package data from c:\pob-frontend\node_modules\lodash.escape\package.json
462 verbose targetResolver reading package data from c:\pob-frontend\node_modules\lodash.isarguments\package.json
463 verbose targetResolver reading package data from c:\pob-frontend\node_modules\lodash.isarray\package.json
464 verbose targetResolver reading package data from c:\pob-frontend\node_modules\lodash.keys\package.json
465 verbose targetResolver reading package data from c:\pob-frontend\node_modules\lodash.pad\package.json
466 verbose targetResolver reading package data from c:\pob-frontend\node_modules\lodash.padend\package.json
467 verbose targetResolver reading package data from c:\pob-frontend\node_modules\lodash.padstart\package.json
468 verbose targetResolver reading package data from c:\pob-frontend\node_modules\lodash.repeat\package.json
469 verbose targetResolver reading package data from c:\pob-frontend\node_modules\lodash.restparam\package.json
470 verbose targetResolver reading package data from c:\pob-frontend\node_modules\lodash.template\package.json
471 verbose targetResolver reading package data from c:\pob-frontend\node_modules\lodash.templatesettings\package.json
472 verbose targetResolver reading package data from c:\pob-frontend\node_modules\lodash.tostring\package.json
473 verbose targetResolver reading package data from c:\pob-frontend\node_modules\loud-rejection\package.json
474 verbose targetResolver reading package data from c:\pob-frontend\node_modules\lru-cache\package.json
475 verbose targetResolver reading package data from c:\pob-frontend\node_modules\main-bower-files\package.json
476 verbose targetResolver reading package data from c:\pob-frontend\node_modules\map-obj\package.json
477 verbose targetResolver reading package data from c:\pob-frontend\node_modules\meow\package.json
478 verbose targetResolver reading package data from c:\pob-frontend\node_modules\merge-stream\package.json
479 verbose targetResolver reading package data from c:\pob-frontend\node_modules\mime-db\package.json
480 verbose targetResolver reading package data from c:\pob-frontend\node_modules\mime-types\package.json
481 verbose targetResolver reading package data from c:\pob-frontend\node_modules\minimatch\package.json
482 verbose targetResolver reading package data from c:\pob-frontend\node_modules\minimist\package.json
483 verbose targetResolver reading package data from c:\pob-frontend\node_modules\mkdirp\package.json
484 verbose targetResolver reading package data from c:\pob-frontend\node_modules\ms\package.json
485 verbose targetResolver reading package data from c:\pob-frontend\node_modules\multipipe\package.json
486 verbose targetResolver reading package data from c:\pob-frontend\node_modules\nan\package.json
487 verbose targetResolver reading package data from c:\pob-frontend\node_modules\node-gyp\package.json
488 verbose targetResolver reading package data from c:\pob-frontend\node_modules\node-uuid\package.json
489 verbose targetResolver reading package data from c:\pob-frontend\node_modules\nopt\package.json
490 verbose targetResolver reading package data from c:\pob-frontend\node_modules\normalize-package-data\package.json
491 verbose targetResolver reading package data from c:\pob-frontend\node_modules\npmlog\package.json
492 verbose targetResolver reading package data from c:\pob-frontend\node_modules\number-is-nan\package.json
493 verbose targetResolver reading package data from c:\pob-frontend\node_modules\oauth-sign\package.json
494 verbose targetResolver reading package data from c:\pob-frontend\node_modules\object-assign\package.json
495 verbose targetResolver reading package data from c:\pob-frontend\node_modules\once\package.json
496 verbose targetResolver reading package data from c:\pob-frontend\node_modules\orchestrator\package.json
497 verbose targetResolver reading package data from c:\pob-frontend\node_modules\ordered-read-streams\package.json
498 verbose targetResolver reading package data from c:\pob-frontend\node_modules\os-homedir\package.json
499 verbose targetResolver reading package data from c:\pob-frontend\node_modules\os-tmpdir\package.json
500 verbose targetResolver reading package data from c:\pob-frontend\node_modules\osenv\package.json
501 verbose targetResolver reading package data from c:\pob-frontend\node_modules\parse-json\package.json
502 verbose targetResolver reading package data from c:\pob-frontend\node_modules\path-array\package.json
503 verbose targetResolver reading package data from c:\pob-frontend\node_modules\path-exists\package.json
504 verbose targetResolver reading package data from c:\pob-frontend\node_modules\path-is-absolute\package.json
505 verbose targetResolver reading package data from c:\pob-frontend\node_modules\path-type\package.json
506 verbose targetResolver reading package data from c:\pob-frontend\node_modules\phantomjs\package.json
507 verbose targetResolver reading package data from c:\pob-frontend\node_modules\pify\package.json
508 verbose targetResolver reading package data from c:\pob-frontend\node_modules\pinkie\package.json
509 verbose targetResolver reading package data from c:\pob-frontend\node_modules\pinkie-promise\package.json
510 verbose targetResolver reading package data from c:\pob-frontend\node_modules\pretty-hrtime\package.json
511 verbose targetResolver reading package data from c:\pob-frontend\node_modules\process-nextick-args\package.json
512 verbose targetResolver reading package data from c:\pob-frontend\node_modules\pseudomap\package.json
513 verbose targetResolver reading package data from c:\pob-frontend\node_modules\qs\package.json
514 verbose targetResolver reading package data from c:\pob-frontend\node_modules\read-pkg\package.json
515 verbose targetResolver reading package data from c:\pob-frontend\node_modules\read-pkg-up\package.json
516 verbose targetResolver reading package data from c:\pob-frontend\node_modules\readable-stream\package.json
517 verbose targetResolver reading package data from c:\pob-frontend\node_modules\rechoir\package.json
518 verbose targetResolver reading package data from c:\pob-frontend\node_modules\redent\package.json
519 verbose targetResolver reading package data from c:\pob-frontend\node_modules\repeating\package.json
520 verbose targetResolver reading package data from c:\pob-frontend\node_modules\replace-ext\package.json
521 verbose targetResolver reading package data from c:\pob-frontend\node_modules\request\package.json
522 verbose targetResolver reading package data from c:\pob-frontend\node_modules\require-dir\package.json
523 verbose targetResolver reading package data from c:\pob-frontend\node_modules\resolve\package.json
524 verbose targetResolver reading package data from c:\pob-frontend\node_modules\rimraf\package.json
525 verbose targetResolver reading package data from c:\pob-frontend\node_modules\semver\package.json
526 verbose targetResolver reading package data from c:\pob-frontend\node_modules\sequencify\package.json
527 verbose targetResolver reading package data from c:\pob-frontend\node_modules\sigmund\package.json
528 verbose targetResolver reading package data from c:\pob-frontend\node_modules\signal-exit\package.json
529 verbose targetResolver reading package data from c:\pob-frontend\node_modules\sntp\package.json
530 verbose targetResolver reading package data from c:\pob-frontend\node_modules\sparkles\package.json
531 verbose targetResolver reading package data from c:\pob-frontend\node_modules\spdx-correct\package.json
532 verbose targetResolver reading package data from c:\pob-frontend\node_modules\spdx-exceptions\package.json
533 verbose targetResolver reading package data from c:\pob-frontend\node_modules\spdx-expression-parse\package.json
534 verbose targetResolver reading package data from c:\pob-frontend\node_modules\spdx-license-ids\package.json
535 verbose targetResolver reading package data from c:\pob-frontend\node_modules\sshpk\package.json
536 verbose targetResolver reading package data from c:\pob-frontend\node_modules\stream-consume\package.json
537 verbose targetResolver reading package data from c:\pob-frontend\node_modules\string_decoder\package.json
538 verbose targetResolver reading package data from c:\pob-frontend\node_modules\stringstream\package.json
539 verbose targetResolver reading package data from c:\pob-frontend\node_modules\strip-ansi\package.json
540 verbose targetResolver reading package data from c:\pob-frontend\node_modules\strip-bom\package.json
541 verbose targetResolver reading package data from c:\pob-frontend\node_modules\strip-indent\package.json
542 verbose targetResolver reading package data from c:\pob-frontend\node_modules\supports-color\package.json
543 verbose targetResolver reading package data from c:\pob-frontend\node_modules\tar\package.json
544 verbose targetResolver reading package data from c:\pob-frontend\node_modules\through2\package.json
545 verbose targetResolver reading package data from c:\pob-frontend\node_modules\tildify\package.json
546 verbose targetResolver reading package data from c:\pob-frontend\node_modules\time-stamp\package.json
547 verbose targetResolver reading package data from c:\pob-frontend\node_modules\tough-cookie\package.json
548 verbose targetResolver reading package data from c:\pob-frontend\node_modules\trim-newlines\package.json
549 verbose targetResolver reading package data from c:\pob-frontend\node_modules\tunnel-agent\package.json
550 verbose targetResolver reading package data from c:\pob-frontend\node_modules\tweetnacl\package.json
551 verbose targetResolver reading package data from c:\pob-frontend\node_modules\uglify-save-license\package.json
552 verbose targetResolver reading package data from c:\pob-frontend\node_modules\unique-stream\package.json
553 verbose targetResolver reading package data from c:\pob-frontend\node_modules\user-home\package.json
554 verbose targetResolver reading package data from c:\pob-frontend\node_modules\utf-8-validate\package.json
555 verbose targetResolver reading package data from c:\pob-frontend\node_modules\util-deprecate\package.json
556 verbose targetResolver reading package data from c:\pob-frontend\node_modules\v8flags\package.json
557 verbose targetResolver reading package data from c:\pob-frontend\node_modules\validate-npm-package-license\package.json
558 verbose targetResolver reading package data from c:\pob-frontend\node_modules\verror\package.json
559 verbose targetResolver reading package data from c:\pob-frontend\node_modules\vinyl\package.json
560 verbose targetResolver reading package data from c:\pob-frontend\node_modules\vinyl-fs\package.json
561 verbose targetResolver reading package data from c:\pob-frontend\node_modules\which\package.json
562 verbose targetResolver reading package data from c:\pob-frontend\node_modules\wiredep\package.json
563 verbose targetResolver reading package data from c:\pob-frontend\node_modules\wrappy\package.json
564 verbose targetResolver reading package data from c:\pob-frontend\node_modules\wrench\package.json
565 verbose targetResolver reading package data from c:\pob-frontend\node_modules\xtend\package.json
566 verbose targetResolver reading package data from c:\pob-frontend\node_modules\yallist\package.json
567 verbose targetResolver reading package data from c:\pob-frontend\node_modules\.bin\browser-sync\package.json
568 verbose targetResolver reading package data from c:\pob-frontend\node_modules\.bin\browser-sync.cmd\package.json
569 verbose targetResolver reading package data from c:\pob-frontend\node_modules\.bin\dateformat\package.json
570 verbose targetResolver reading package data from c:\pob-frontend\node_modules\.bin\dateformat.cmd\package.json
571 verbose targetResolver reading package data from c:\pob-frontend\node_modules\.bin\gulp\package.json
572 verbose targetResolver reading package data from c:\pob-frontend\node_modules\.bin\gulp.cmd\package.json
573 verbose targetResolver reading package data from c:\pob-frontend\node_modules\.bin\har-validator\package.json
574 verbose targetResolver reading package data from c:\pob-frontend\node_modules\.bin\har-validator.cmd\package.json
575 verbose targetResolver reading package data from c:\pob-frontend\node_modules\.bin\has-ansi\package.json
576 verbose targetResolver reading package data from c:\pob-frontend\node_modules\.bin\has-ansi.cmd\package.json
577 verbose targetResolver reading package data from c:\pob-frontend\node_modules\.bin\karma\package.json
578 verbose targetResolver reading package data from c:\pob-frontend\node_modules\.bin\karma.cmd\package.json
579 verbose targetResolver reading package data from c:\pob-frontend\node_modules\.bin\mkdirp\package.json
580 verbose targetResolver reading package data from c:\pob-frontend\node_modules\.bin\mkdirp.cmd\package.json
581 verbose targetResolver reading package data from c:\pob-frontend\node_modules\.bin\node-gyp\package.json
582 verbose targetResolver reading package data from c:\pob-frontend\node_modules\.bin\node-gyp.cmd\package.json
583 verbose targetResolver reading package data from c:\pob-frontend\node_modules\.bin\nopt\package.json
584 verbose targetResolver reading package data from c:\pob-frontend\node_modules\.bin\nopt.cmd\package.json
585 verbose targetResolver reading package data from c:\pob-frontend\node_modules\.bin\phantomjs\package.json
586 verbose targetResolver reading package data from c:\pob-frontend\node_modules\.bin\phantomjs.cmd\package.json
587 verbose targetResolver reading package data from c:\pob-frontend\node_modules\.bin\rimraf\package.json
588 verbose targetResolver reading package data from c:\pob-frontend\node_modules\.bin\rimraf.cmd\package.json
589 verbose targetResolver reading package data from c:\pob-frontend\node_modules\.bin\semver\package.json
590 verbose targetResolver reading package data from c:\pob-frontend\node_modules\.bin\semver.cmd\package.json
591 verbose targetResolver reading package data from c:\pob-frontend\node_modules\.bin\sshpk-conv\package.json
592 verbose targetResolver reading package data from c:\pob-frontend\node_modules\.bin\sshpk-conv.cmd\package.json
593 verbose targetResolver reading package data from c:\pob-frontend\node_modules\.bin\sshpk-sign\package.json
594 verbose targetResolver reading package data from c:\pob-frontend\node_modules\.bin\sshpk-sign.cmd\package.json
595 verbose targetResolver reading package data from c:\pob-frontend\node_modules\.bin\sshpk-verify\package.json
596 verbose targetResolver reading package data from c:\pob-frontend\node_modules\.bin\sshpk-verify.cmd\package.json
597 verbose targetResolver reading package data from c:\pob-frontend\node_modules\.bin\strip-ansi\package.json
598 verbose targetResolver reading package data from c:\pob-frontend\node_modules\.bin\strip-ansi.cmd\package.json
599 verbose targetResolver reading package data from c:\pob-frontend\node_modules\.bin\strip-indent\package.json
600 verbose targetResolver reading package data from c:\pob-frontend\node_modules\.bin\strip-indent.cmd\package.json
601 verbose targetResolver reading package data from c:\pob-frontend\node_modules\.bin\supports-color\package.json
602 verbose targetResolver reading package data from c:\pob-frontend\node_modules\.bin\supports-color.cmd\package.json
603 verbose targetResolver reading package data from c:\pob-frontend\node_modules\.bin\user-home\package.json
604 verbose targetResolver reading package data from c:\pob-frontend\node_modules\.bin\user-home.cmd\package.json
605 verbose targetResolver reading package data from c:\pob-frontend\node_modules\.bin\uuid\package.json
606 verbose targetResolver reading package data from c:\pob-frontend\node_modules\.bin\uuid.cmd\package.json
607 verbose targetResolver reading package data from c:\pob-frontend\node_modules\.bin\which\package.json
608 verbose targetResolver reading package data from c:\pob-frontend\node_modules\.bin\which.cmd\package.json
609 verbose targetResolver reading package data from c:\pob-frontend\node_modules\.bin\wiredep\package.json
610 verbose targetResolver reading package data from c:\pob-frontend\node_modules\.bin\wiredep.cmd\package.json
611 verbose already installed skipping gulp@~3.9.0 c:\pob-frontend
612 verbose already installed skipping gulp-autoprefixer@~2.3.1 c:\pob-frontend
613 verbose already installed skipping gulp-angular-templatecache@~1.6.0 c:\pob-frontend
614 verbose already installed skipping del@~1.2.0 c:\pob-frontend
615 verbose already installed skipping lodash@~3.9.3 c:\pob-frontend
616 verbose already installed skipping gulp-csso@~1.0.0 c:\pob-frontend
617 verbose already installed skipping gulp-filter@~2.0.2 c:\pob-frontend
618 verbose already installed skipping gulp-flatten@~0.0.4 c:\pob-frontend
619 verbose already installed skipping gulp-jshint@~1.11.0 c:\pob-frontend
620 verbose already installed skipping gulp-load-plugins@~0.10.0 c:\pob-frontend
621 verbose already installed skipping gulp-size@~1.2.1 c:\pob-frontend
622 verbose already installed skipping gulp-uglify@~1.2.0 c:\pob-frontend
623 verbose already installed skipping gulp-useref@~1.2.0 c:\pob-frontend
624 verbose already installed skipping gulp-util@~3.0.5 c:\pob-frontend
625 verbose already installed skipping gulp-ng-annotate@~1.0.0 c:\pob-frontend
626 verbose already installed skipping gulp-replace@~0.5.3 c:\pob-frontend
627 verbose already installed skipping gulp-rename@~1.2.2 c:\pob-frontend
628 verbose already installed skipping gulp-rev@~5.0.0 c:\pob-frontend
629 verbose already installed skipping gulp-rev-replace@~0.4.2 c:\pob-frontend
630 verbose already installed skipping gulp-minify-html@~1.0.3 c:\pob-frontend
631 verbose already installed skipping gulp-inject@~1.3.1 c:\pob-frontend
632 verbose already installed skipping gulp-protractor@~1.0.0 c:\pob-frontend
633 verbose already installed skipping gulp-sourcemaps@~1.5.2 c:\pob-frontend
634 verbose already installed skipping gulp-angular-filesort@~1.1.1 c:\pob-frontend
635 verbose already installed skipping main-bower-files@~2.8.0 c:\pob-frontend
636 verbose already installed skipping merge-stream@~0.1.7 c:\pob-frontend
637 verbose already installed skipping jshint-stylish@~2.0.0 c:\pob-frontend
638 verbose already installed skipping wiredep@~2.2.2 c:\pob-frontend
639 verbose already installed skipping karma@~0.12.36 c:\pob-frontend
640 verbose already installed skipping karma-jasmine@~0.3.5 c:\pob-frontend
641 verbose already installed skipping karma-phantomjs-launcher@~0.2.0 c:\pob-frontend
642 verbose already installed skipping karma-angular-filesort@~0.1.0 c:\pob-frontend
643 verbose already installed skipping karma-ng-html2js-preprocessor@~0.1.2 c:\pob-frontend
644 verbose already installed skipping concat-stream@~1.5.0 c:\pob-frontend
645 verbose already installed skipping require-dir@~0.3.0 c:\pob-frontend
646 verbose already installed skipping browser-sync@~2.7.12 c:\pob-frontend
647 verbose already installed skipping browser-sync-spa@~1.0.2 c:\pob-frontend
648 verbose already installed skipping http-proxy-middleware@~0.0.5 c:\pob-frontend
649 verbose already installed skipping chalk@~1.0.0 c:\pob-frontend
650 verbose already installed skipping uglify-save-license@~0.4.1 c:\pob-frontend
651 verbose already installed skipping wrench@~1.5.8 c:\pob-frontend
652 silly install resolved []
653 info build c:\pob-frontend
654 info linkStuff boilerplate@0.0.0
655 silly linkStuff boilerplate@0.0.0 has c:\ as its parent node_modules
656 verbose linkBins boilerplate@0.0.0
657 verbose linkMans boilerplate@0.0.0
658 verbose rebuildBundles boilerplate@0.0.0
659 verbose rebuildBundles [ '.bin',
659 verbose rebuildBundles   'abbrev',
659 verbose rebuildBundles   'ansi',
659 verbose rebuildBundles   'ansi-regex',
659 verbose rebuildBundles   'ansi-styles',
659 verbose rebuildBundles   'archy',
659 verbose rebuildBundles   'are-we-there-yet',
659 verbose rebuildBundles   'array-differ',
659 verbose rebuildBundles   'array-find-index',
659 verbose rebuildBundles   'array-index',
659 verbose rebuildBundles   'array-uniq',
659 verbose rebuildBundles   'asn1',
659 verbose rebuildBundles   'assert-plus',
659 verbose rebuildBundles   'async',
659 verbose rebuildBundles   'aws-sign2',
659 verbose rebuildBundles   'aws4',
659 verbose rebuildBundles   'balanced-match',
659 verbose rebuildBundles   'beeper',
659 verbose rebuildBundles   'bindings',
659 verbose rebuildBundles   'bl',
659 verbose rebuildBundles   'block-stream',
659 verbose rebuildBundles   'boom',
659 verbose rebuildBundles   'brace-expansion',
659 verbose rebuildBundles   'browser-sync',
659 verbose rebuildBundles   'browser-sync-spa',
659 verbose rebuildBundles   'bufferutil',
659 verbose rebuildBundles   'builtin-modules',
659 verbose rebuildBundles   'camelcase',
659 verbose rebuildBundles   'camelcase-keys',
659 verbose rebuildBundles   'caseless',
659 verbose rebuildBundles   'chalk',
659 verbose rebuildBundles   'clone',
659 verbose rebuildBundles   'clone-stats',
659 verbose rebuildBundles   'color-convert',
659 verbose rebuildBundles   'combined-stream',
659 verbose rebuildBundles   'commander',
659 verbose rebuildBundles   'concat-map',
659 verbose rebuildBundles   'concat-stream',
659 verbose rebuildBundles   'core-util-is',
659 verbose rebuildBundles   'cryptiles',
659 verbose rebuildBundles   'd',
659 verbose rebuildBundles   'dashdash',
659 verbose rebuildBundles   'dateformat',
659 verbose rebuildBundles   'debug',
659 verbose rebuildBundles   'decamelize',
659 verbose rebuildBundles   'defaults',
659 verbose rebuildBundles   'del',
659 verbose rebuildBundles   'delayed-stream',
659 verbose rebuildBundles   'delegates',
659 verbose rebuildBundles   'deprecated',
659 verbose rebuildBundles   'duplexer2',
659 verbose rebuildBundles   'ecc-jsbn',
659 verbose rebuildBundles   'end-of-stream',
659 verbose rebuildBundles   'error-ex',
659 verbose rebuildBundles   'es5-ext',
659 verbose rebuildBundles   'es6-iterator',
659 verbose rebuildBundles   'es6-symbol',
659 verbose rebuildBundles   'escape-string-regexp',
659 verbose rebuildBundles   'extend',
659 verbose rebuildBundles   'extsprintf',
659 verbose rebuildBundles   'fancy-log',
659 verbose rebuildBundles   'find-index',
659 verbose rebuildBundles   'find-up',
659 verbose rebuildBundles   'findup-sync',
659 verbose rebuildBundles   'first-chunk-stream',
659 verbose rebuildBundles   'flagged-respawn',
659 verbose rebuildBundles   'forever-agent',
659 verbose rebuildBundles   'form-data',
659 verbose rebuildBundles   'fstream',
659 verbose rebuildBundles   'gauge',
659 verbose rebuildBundles   'gaze',
659 verbose rebuildBundles   'generate-function',
659 verbose rebuildBundles   'generate-object-property',
659 verbose rebuildBundles   'get-stdin',
659 verbose rebuildBundles   'glob',
659 verbose rebuildBundles   'glob-stream',
659 verbose rebuildBundles   'glob-watcher',
659 verbose rebuildBundles   'glob2base',
659 verbose rebuildBundles   'globule',
659 verbose rebuildBundles   'glogg',
659 verbose rebuildBundles   'graceful-fs',
659 verbose rebuildBundles   'graceful-readlink',
659 verbose rebuildBundles   'gulp',
659 verbose rebuildBundles   'gulp-angular-filesort',
659 verbose rebuildBundles   'gulp-angular-templatecache',
659 verbose rebuildBundles   'gulp-autoprefixer',
659 verbose rebuildBundles   'gulp-csso',
659 verbose rebuildBundles   'gulp-filter',
659 verbose rebuildBundles   'gulp-flatten',
659 verbose rebuildBundles   'gulp-inject',
659 verbose rebuildBundles   'gulp-jshint',
659 verbose rebuildBundles   'gulp-load-plugins',
659 verbose rebuildBundles   'gulp-minify-html',
659 verbose rebuildBundles   'gulp-ng-annotate',
659 verbose rebuildBundles   'gulp-protractor',
659 verbose rebuildBundles   'gulp-rename',
659 verbose rebuildBundles   'gulp-replace',
659 verbose rebuildBundles   'gulp-rev',
659 verbose rebuildBundles   'gulp-rev-replace',
659 verbose rebuildBundles   'gulp-size',
659 verbose rebuildBundles   'gulp-sourcemaps',
659 verbose rebuildBundles   'gulp-uglify',
659 verbose rebuildBundles   'gulp-useref',
659 verbose rebuildBundles   'gulp-util',
659 verbose rebuildBundles   'gulplog',
659 verbose rebuildBundles   'har-validator',
659 verbose rebuildBundles   'has-ansi',
659 verbose rebuildBundles   'has-gulplog',
659 verbose rebuildBundles   'has-unicode',
659 verbose rebuildBundles   'hawk',
659 verbose rebuildBundles   'hoek',
659 verbose rebuildBundles   'hosted-git-info',
659 verbose rebuildBundles   'http-proxy-middleware',
659 verbose rebuildBundles   'http-signature',
659 verbose rebuildBundles   'indent-string',
659 verbose rebuildBundles   'inflight',
659 verbose rebuildBundles   'inherits',
659 verbose rebuildBundles   'interpret',
659 verbose rebuildBundles   'is-absolute',
659 verbose rebuildBundles   'is-arrayish',
659 verbose rebuildBundles   'is-builtin-module',
659 verbose rebuildBundles   'is-finite',
659 verbose rebuildBundles   'is-my-json-valid',
659 verbose rebuildBundles   'is-property',
659 verbose rebuildBundles   'is-relative',
659 verbose rebuildBundles   'is-typedarray',
659 verbose rebuildBundles   'is-utf8',
659 verbose rebuildBundles   'isarray',
659 verbose rebuildBundles   'isexe',
659 verbose rebuildBundles   'isstream',
659 verbose rebuildBundles   'jasmine-core',
659 verbose rebuildBundles   'jodid25519',
659 verbose rebuildBundles   'jsbn',
659 verbose rebuildBundles   'jshint-stylish',
659 verbose rebuildBundles   'json-schema',
659 verbose rebuildBundles   'json-stringify-safe',
659 verbose rebuildBundles   'jsonpointer',
659 verbose rebuildBundles   'jsprim',
659 verbose rebuildBundles   'karma',
659 verbose rebuildBundles   'karma-angular-filesort',
659 verbose rebuildBundles   'karma-jasmine',
659 verbose rebuildBundles   'karma-ng-html2js-preprocessor',
659 verbose rebuildBundles   'karma-phantomjs-launcher',
659 verbose rebuildBundles   'liftoff',
659 verbose rebuildBundles   'load-json-file',
659 verbose rebuildBundles   'lodash',
659 verbose rebuildBundles   'lodash._basecopy',
659 verbose rebuildBundles   'lodash._basetostring',
659 verbose rebuildBundles   'lodash._basevalues',
659 verbose rebuildBundles   'lodash._getnative',
659 verbose rebuildBundles   'lodash._isiterateecall',
659 verbose rebuildBundles   'lodash._reescape',
659 verbose rebuildBundles   'lodash._reevaluate',
659 verbose rebuildBundles   'lodash._reinterpolate',
659 verbose rebuildBundles   'lodash._root',
659 verbose rebuildBundles   'lodash.escape',
659 verbose rebuildBundles   'lodash.isarguments',
659 verbose rebuildBundles   'lodash.isarray',
659 verbose rebuildBundles   'lodash.keys',
659 verbose rebuildBundles   'lodash.pad',
659 verbose rebuildBundles   'lodash.padend',
659 verbose rebuildBundles   'lodash.padstart',
659 verbose rebuildBundles   'lodash.repeat',
659 verbose rebuildBundles   'lodash.restparam',
659 verbose rebuildBundles   'lodash.template',
659 verbose rebuildBundles   'lodash.templatesettings',
659 verbose rebuildBundles   'lodash.tostring',
659 verbose rebuildBundles   'loud-rejection',
659 verbose rebuildBundles   'lru-cache',
659 verbose rebuildBundles   'main-bower-files',
659 verbose rebuildBundles   'map-obj',
659 verbose rebuildBundles   'meow',
659 verbose rebuildBundles   'merge-stream',
659 verbose rebuildBundles   'mime-db',
659 verbose rebuildBundles   'mime-types',
659 verbose rebuildBundles   'minimatch',
659 verbose rebuildBundles   'minimist',
659 verbose rebuildBundles   'mkdirp',
659 verbose rebuildBundles   'ms',
659 verbose rebuildBundles   'multipipe',
659 verbose rebuildBundles   'nan',
659 verbose rebuildBundles   'node-gyp',
659 verbose rebuildBundles   'node-uuid',
659 verbose rebuildBundles   'nopt',
659 verbose rebuildBundles   'normalize-package-data',
659 verbose rebuildBundles   'npmlog',
659 verbose rebuildBundles   'number-is-nan',
659 verbose rebuildBundles   'oauth-sign',
659 verbose rebuildBundles   'object-assign',
659 verbose rebuildBundles   'once',
659 verbose rebuildBundles   'orchestrator',
659 verbose rebuildBundles   'ordered-read-streams',
659 verbose rebuildBundles   'os-homedir',
659 verbose rebuildBundles   'os-tmpdir',
659 verbose rebuildBundles   'osenv',
659 verbose rebuildBundles   'parse-json',
659 verbose rebuildBundles   'path-array',
659 verbose rebuildBundles   'path-exists',
659 verbose rebuildBundles   'path-is-absolute',
659 verbose rebuildBundles   'path-type',
659 verbose rebuildBundles   'phantomjs',
659 verbose rebuildBundles   'pify',
659 verbose rebuildBundles   'pinkie',
659 verbose rebuildBundles   'pinkie-promise',
659 verbose rebuildBundles   'pretty-hrtime',
659 verbose rebuildBundles   'process-nextick-args',
659 verbose rebuildBundles   'pseudomap',
659 verbose rebuildBundles   'qs',
659 verbose rebuildBundles   'read-pkg',
659 verbose rebuildBundles   'read-pkg-up',
659 verbose rebuildBundles   'readable-stream',
659 verbose rebuildBundles   'rechoir',
659 verbose rebuildBundles   'redent',
659 verbose rebuildBundles   'repeating',
659 verbose rebuildBundles   'replace-ext',
659 verbose rebuildBundles   'request',
659 verbose rebuildBundles   'require-dir',
659 verbose rebuildBundles   'resolve',
659 verbose rebuildBundles   'rimraf',
659 verbose rebuildBundles   'semver',
659 verbose rebuildBundles   'sequencify',
659 verbose rebuildBundles   'sigmund',
659 verbose rebuildBundles   'signal-exit',
659 verbose rebuildBundles   'sntp',
659 verbose rebuildBundles   'sparkles',
659 verbose rebuildBundles   'spdx-correct',
659 verbose rebuildBundles   'spdx-exceptions',
659 verbose rebuildBundles   'spdx-expression-parse',
659 verbose rebuildBundles   'spdx-license-ids',
659 verbose rebuildBundles   'sshpk',
659 verbose rebuildBundles   'stream-consume',
659 verbose rebuildBundles   'string_decoder',
659 verbose rebuildBundles   'stringstream',
659 verbose rebuildBundles   'strip-ansi',
659 verbose rebuildBundles   'strip-bom',
659 verbose rebuildBundles   'strip-indent',
659 verbose rebuildBundles   'supports-color',
659 verbose rebuildBundles   'tar',
659 verbose rebuildBundles   'through2',
659 verbose rebuildBundles   'tildify',
659 verbose rebuildBundles   'time-stamp',
659 verbose rebuildBundles   'tough-cookie',
659 verbose rebuildBundles   'trim-newlines',
659 verbose rebuildBundles   'tunnel-agent',
659 verbose rebuildBundles   'tweetnacl',
659 verbose rebuildBundles   'uglify-save-license',
659 verbose rebuildBundles   'unique-stream',
659 verbose rebuildBundles   'user-home',
659 verbose rebuildBundles   'utf-8-validate',
659 verbose rebuildBundles   'util-deprecate',
659 verbose rebuildBundles   'v8flags',
659 verbose rebuildBundles   'validate-npm-package-license',
659 verbose rebuildBundles   'verror',
659 verbose rebuildBundles   'vinyl',
659 verbose rebuildBundles   'vinyl-fs',
659 verbose rebuildBundles   'which',
659 verbose rebuildBundles   'wiredep',
659 verbose rebuildBundles   'wrappy',
659 verbose rebuildBundles   'wrench',
659 verbose rebuildBundles   'xtend',
659 verbose rebuildBundles   'yallist' ]
660 verbose rebuild bundle c:\pob-frontend\node_modules\abbrev
661 info build c:\pob-frontend\node_modules\abbrev
662 info preinstall abbrev@1.0.7
663 info linkStuff abbrev@1.0.7
664 silly linkStuff abbrev@1.0.7 has c:\pob-frontend\node_modules as its parent node_modules
665 verbose linkBins abbrev@1.0.7
666 verbose linkMans abbrev@1.0.7
667 verbose rebuildBundles abbrev@1.0.7
668 info install abbrev@1.0.7
669 info postinstall abbrev@1.0.7
670 verbose rebuild bundle c:\pob-frontend\node_modules\ansi
671 info build c:\pob-frontend\node_modules\ansi
672 info preinstall ansi@0.3.1
673 info linkStuff ansi@0.3.1
674 silly linkStuff ansi@0.3.1 has c:\pob-frontend\node_modules as its parent node_modules
675 verbose linkBins ansi@0.3.1
676 verbose linkMans ansi@0.3.1
677 verbose rebuildBundles ansi@0.3.1
678 info install ansi@0.3.1
679 info postinstall ansi@0.3.1
680 verbose rebuild bundle c:\pob-frontend\node_modules\ansi-regex
681 info build c:\pob-frontend\node_modules\ansi-regex
682 info preinstall ansi-regex@1.1.1
683 info linkStuff ansi-regex@1.1.1
684 silly linkStuff ansi-regex@1.1.1 has c:\pob-frontend\node_modules as its parent node_modules
685 verbose linkBins ansi-regex@1.1.1
686 verbose linkMans ansi-regex@1.1.1
687 verbose rebuildBundles ansi-regex@1.1.1
688 info install ansi-regex@1.1.1
689 info postinstall ansi-regex@1.1.1
690 verbose rebuild bundle c:\pob-frontend\node_modules\ansi-styles
691 info build c:\pob-frontend\node_modules\ansi-styles
692 info preinstall ansi-styles@2.2.0
693 info linkStuff ansi-styles@2.2.0
694 silly linkStuff ansi-styles@2.2.0 has c:\pob-frontend\node_modules as its parent node_modules
695 verbose linkBins ansi-styles@2.2.0
696 verbose linkMans ansi-styles@2.2.0
697 verbose rebuildBundles ansi-styles@2.2.0
698 info install ansi-styles@2.2.0
699 info postinstall ansi-styles@2.2.0
700 verbose rebuild bundle c:\pob-frontend\node_modules\archy
701 info build c:\pob-frontend\node_modules\archy
702 info preinstall archy@1.0.0
703 info linkStuff archy@1.0.0
704 silly linkStuff archy@1.0.0 has c:\pob-frontend\node_modules as its parent node_modules
705 verbose linkBins archy@1.0.0
706 verbose linkMans archy@1.0.0
707 verbose rebuildBundles archy@1.0.0
708 info install archy@1.0.0
709 info postinstall archy@1.0.0
710 verbose rebuild bundle c:\pob-frontend\node_modules\are-we-there-yet
711 info build c:\pob-frontend\node_modules\are-we-there-yet
712 info preinstall are-we-there-yet@1.0.6
713 info linkStuff are-we-there-yet@1.0.6
714 silly linkStuff are-we-there-yet@1.0.6 has c:\pob-frontend\node_modules as its parent node_modules
715 verbose linkBins are-we-there-yet@1.0.6
716 verbose linkMans are-we-there-yet@1.0.6
717 verbose rebuildBundles are-we-there-yet@1.0.6
718 info install are-we-there-yet@1.0.6
719 info postinstall are-we-there-yet@1.0.6
720 verbose rebuild bundle c:\pob-frontend\node_modules\array-differ
721 info build c:\pob-frontend\node_modules\array-differ
722 info preinstall array-differ@1.0.0
723 info linkStuff array-differ@1.0.0
724 silly linkStuff array-differ@1.0.0 has c:\pob-frontend\node_modules as its parent node_modules
725 verbose linkBins array-differ@1.0.0
726 verbose linkMans array-differ@1.0.0
727 verbose rebuildBundles array-differ@1.0.0
728 info install array-differ@1.0.0
729 info postinstall array-differ@1.0.0
730 verbose rebuild bundle c:\pob-frontend\node_modules\array-find-index
731 info build c:\pob-frontend\node_modules\array-find-index
732 info preinstall array-find-index@1.0.1
733 info linkStuff array-find-index@1.0.1
734 silly linkStuff array-find-index@1.0.1 has c:\pob-frontend\node_modules as its parent node_modules
735 verbose linkBins array-find-index@1.0.1
736 verbose linkMans array-find-index@1.0.1
737 verbose rebuildBundles array-find-index@1.0.1
738 info install array-find-index@1.0.1
739 info postinstall array-find-index@1.0.1
740 verbose rebuild bundle c:\pob-frontend\node_modules\array-index
741 info build c:\pob-frontend\node_modules\array-index
742 info preinstall array-index@1.0.0
743 info linkStuff array-index@1.0.0
744 silly linkStuff array-index@1.0.0 has c:\pob-frontend\node_modules as its parent node_modules
745 verbose linkBins array-index@1.0.0
746 verbose linkMans array-index@1.0.0
747 verbose rebuildBundles array-index@1.0.0
748 info install array-index@1.0.0
749 info postinstall array-index@1.0.0
750 verbose rebuild bundle c:\pob-frontend\node_modules\array-uniq
751 info build c:\pob-frontend\node_modules\array-uniq
752 info preinstall array-uniq@1.0.2
753 info linkStuff array-uniq@1.0.2
754 silly linkStuff array-uniq@1.0.2 has c:\pob-frontend\node_modules as its parent node_modules
755 verbose linkBins array-uniq@1.0.2
756 verbose linkMans array-uniq@1.0.2
757 verbose rebuildBundles array-uniq@1.0.2
758 info install array-uniq@1.0.2
759 info postinstall array-uniq@1.0.2
760 verbose rebuild bundle c:\pob-frontend\node_modules\asn1
761 info build c:\pob-frontend\node_modules\asn1
762 info preinstall asn1@0.2.3
763 info linkStuff asn1@0.2.3
764 silly linkStuff asn1@0.2.3 has c:\pob-frontend\node_modules as its parent node_modules
765 verbose linkBins asn1@0.2.3
766 verbose linkMans asn1@0.2.3
767 verbose rebuildBundles asn1@0.2.3
768 info install asn1@0.2.3
769 info postinstall asn1@0.2.3
770 verbose rebuild bundle c:\pob-frontend\node_modules\assert-plus
771 info build c:\pob-frontend\node_modules\assert-plus
772 info preinstall assert-plus@0.2.0
773 info linkStuff assert-plus@0.2.0
774 silly linkStuff assert-plus@0.2.0 has c:\pob-frontend\node_modules as its parent node_modules
775 verbose linkBins assert-plus@0.2.0
776 verbose linkMans assert-plus@0.2.0
777 verbose rebuildBundles assert-plus@0.2.0
778 info install assert-plus@0.2.0
779 info postinstall assert-plus@0.2.0
780 verbose rebuild bundle c:\pob-frontend\node_modules\async
781 info build c:\pob-frontend\node_modules\async
782 info preinstall async@1.5.2
783 info linkStuff async@1.5.2
784 silly linkStuff async@1.5.2 has c:\pob-frontend\node_modules as its parent node_modules
785 verbose linkBins async@1.5.2
786 verbose linkMans async@1.5.2
787 verbose rebuildBundles async@1.5.2
788 info install async@1.5.2
789 info postinstall async@1.5.2
790 verbose rebuild bundle c:\pob-frontend\node_modules\aws-sign2
791 info build c:\pob-frontend\node_modules\aws-sign2
792 info preinstall aws-sign2@0.6.0
793 info linkStuff aws-sign2@0.6.0
794 silly linkStuff aws-sign2@0.6.0 has c:\pob-frontend\node_modules as its parent node_modules
795 verbose linkBins aws-sign2@0.6.0
796 verbose linkMans aws-sign2@0.6.0
797 verbose rebuildBundles aws-sign2@0.6.0
798 info install aws-sign2@0.6.0
799 info postinstall aws-sign2@0.6.0
800 verbose rebuild bundle c:\pob-frontend\node_modules\aws4
801 info build c:\pob-frontend\node_modules\aws4
802 info preinstall aws4@1.3.2
803 info linkStuff aws4@1.3.2
804 silly linkStuff aws4@1.3.2 has c:\pob-frontend\node_modules as its parent node_modules
805 verbose linkBins aws4@1.3.2
806 verbose linkMans aws4@1.3.2
807 verbose rebuildBundles aws4@1.3.2
808 verbose rebuildBundles [ 'lru-cache' ]
809 info install aws4@1.3.2
810 info postinstall aws4@1.3.2
811 verbose rebuild bundle c:\pob-frontend\node_modules\balanced-match
812 info build c:\pob-frontend\node_modules\balanced-match
813 info preinstall balanced-match@0.3.0
814 info linkStuff balanced-match@0.3.0
815 silly linkStuff balanced-match@0.3.0 has c:\pob-frontend\node_modules as its parent node_modules
816 verbose linkBins balanced-match@0.3.0
817 verbose linkMans balanced-match@0.3.0
818 verbose rebuildBundles balanced-match@0.3.0
819 info install balanced-match@0.3.0
820 info postinstall balanced-match@0.3.0
821 verbose rebuild bundle c:\pob-frontend\node_modules\beeper
822 info build c:\pob-frontend\node_modules\beeper
823 info preinstall beeper@1.1.0
824 info linkStuff beeper@1.1.0
825 silly linkStuff beeper@1.1.0 has c:\pob-frontend\node_modules as its parent node_modules
826 verbose linkBins beeper@1.1.0
827 verbose linkMans beeper@1.1.0
828 verbose rebuildBundles beeper@1.1.0
829 info install beeper@1.1.0
830 info postinstall beeper@1.1.0
831 verbose rebuild bundle c:\pob-frontend\node_modules\bindings
832 info build c:\pob-frontend\node_modules\bindings
833 info preinstall bindings@1.2.1
834 info linkStuff bindings@1.2.1
835 silly linkStuff bindings@1.2.1 has c:\pob-frontend\node_modules as its parent node_modules
836 verbose linkBins bindings@1.2.1
837 verbose linkMans bindings@1.2.1
838 verbose rebuildBundles bindings@1.2.1
839 info install bindings@1.2.1
840 info postinstall bindings@1.2.1
841 verbose rebuild bundle c:\pob-frontend\node_modules\bl
842 info build c:\pob-frontend\node_modules\bl
843 info preinstall bl@1.0.3
844 info linkStuff bl@1.0.3
845 silly linkStuff bl@1.0.3 has c:\pob-frontend\node_modules as its parent node_modules
846 verbose linkBins bl@1.0.3
847 verbose linkMans bl@1.0.3
848 verbose rebuildBundles bl@1.0.3
849 verbose rebuildBundles [ 'readable-stream' ]
850 info install bl@1.0.3
851 info postinstall bl@1.0.3
852 verbose rebuild bundle c:\pob-frontend\node_modules\block-stream
853 info build c:\pob-frontend\node_modules\block-stream
854 info preinstall block-stream@0.0.8
855 info linkStuff block-stream@0.0.8
856 silly linkStuff block-stream@0.0.8 has c:\pob-frontend\node_modules as its parent node_modules
857 verbose linkBins block-stream@0.0.8
858 verbose linkMans block-stream@0.0.8
859 verbose rebuildBundles block-stream@0.0.8
860 info install block-stream@0.0.8
861 info postinstall block-stream@0.0.8
862 verbose rebuild bundle c:\pob-frontend\node_modules\boom
863 info build c:\pob-frontend\node_modules\boom
864 info preinstall boom@2.10.1
865 info linkStuff boom@2.10.1
866 silly linkStuff boom@2.10.1 has c:\pob-frontend\node_modules as its parent node_modules
867 verbose linkBins boom@2.10.1
868 verbose linkMans boom@2.10.1
869 verbose rebuildBundles boom@2.10.1
870 info install boom@2.10.1
871 info postinstall boom@2.10.1
872 verbose rebuild bundle c:\pob-frontend\node_modules\brace-expansion
873 info build c:\pob-frontend\node_modules\brace-expansion
874 info preinstall brace-expansion@1.1.3
875 info linkStuff brace-expansion@1.1.3
876 silly linkStuff brace-expansion@1.1.3 has c:\pob-frontend\node_modules as its parent node_modules
877 verbose linkBins brace-expansion@1.1.3
878 verbose linkMans brace-expansion@1.1.3
879 verbose rebuildBundles brace-expansion@1.1.3
880 info install brace-expansion@1.1.3
881 info postinstall brace-expansion@1.1.3
882 verbose rebuild bundle c:\pob-frontend\node_modules\bufferutil
883 info build c:\pob-frontend\node_modules\bufferutil
884 info preinstall bufferutil@1.2.1
885 info linkStuff bufferutil@1.2.1
886 silly linkStuff bufferutil@1.2.1 has c:\pob-frontend\node_modules as its parent node_modules
887 verbose linkBins bufferutil@1.2.1
888 verbose linkMans bufferutil@1.2.1
889 verbose rebuildBundles bufferutil@1.2.1
890 info install bufferutil@1.2.1
891 verbose unsafe-perm in lifecycle true
892 info bufferutil@1.2.1 Failed to exec install script
893 verbose stack Error: bufferutil@1.2.1 install: `node-gyp rebuild`
893 verbose stack Exit status 1
893 verbose stack     at EventEmitter.<anonymous> (C:\Program Files (x86)\nodejs\node_modules\npm\lib\utils\lifecycle.js:214:16)
893 verbose stack     at emitTwo (events.js:87:13)
893 verbose stack     at EventEmitter.emit (events.js:172:7)
893 verbose stack     at ChildProcess.<anonymous> (C:\Program Files (x86)\nodejs\node_modules\npm\lib\utils\spawn.js:24:14)
893 verbose stack     at emitTwo (events.js:87:13)
893 verbose stack     at ChildProcess.emit (events.js:172:7)
893 verbose stack     at maybeClose (internal/child_process.js:827:16)
893 verbose stack     at Process.ChildProcess._handle.onexit (internal/child_process.js:211:5)
894 verbose pkgid bufferutil@1.2.1
895 verbose cwd c:\pob-frontend
896 error Windows_NT 6.1.7601
897 error argv "C:\\Program Files (x86)\\nodejs\\node.exe" "C:\\Program Files (x86)\\nodejs\\node_modules\\npm\\bin\\npm-cli.js" "install" "-msvs_version=2008"
898 error node v4.4.0
899 error npm  v2.14.20
900 error code ELIFECYCLE
901 error bufferutil@1.2.1 install: `node-gyp rebuild`
901 error Exit status 1
902 error Failed at the bufferutil@1.2.1 install script 'node-gyp rebuild'.
902 error This is most likely a problem with the bufferutil package,
902 error not with npm itself.
902 error Tell the author that this fails on your system:
902 error     node-gyp rebuild
902 error You can get information on how to open an issue for this project with:
902 error     npm bugs bufferutil
902 error Or if that isn't available, you can get their info via:
902 error
902 error     npm owner ls bufferutil
902 error There is likely additional logging output above.
903 verbose exit [ 1, true ]
